<?xml version="1.0" encoding="UTF-8"?>
<!-- Generated by org.testng.reporters.JUnitReportReporter -->
<testsuite hostname="DESKTOP-ES6JCAK" failures="0" tests="6" name="com.hostel.qa.testcases.loginTest" time="27.618" errors="0" timestamp="2021-05-25T08:47:38 IST" skipped="1">
  <testcase classname="com.hostel.qa.testcases.loginTest" name="verifyLoginButton" time="5.373"/>
  <system-out/>
  <testcase classname="com.hostel.qa.testcases.loginTest" name="verifyLogo" time="6.936"/>
  <system-out/>
  <testcase classname="com.hostel.qa.testcases.loginTest" name="verfiyinvalidUsernameDetails" time="5.238"/>
  <system-out/>
  <testcase classname="com.hostel.qa.testcases.loginTest" name="verfiyinvalidPasswordDetails" time="5.386"/>
  <system-out/>
  <testcase classname="com.hostel.qa.testcases.loginTest" name="verfiyBlankLoginDetails" time="4.685"/>
  <system-out/>
  <testcase classname="com.hostel.qa.testcases.loginTest" name="verifyLoginWithValidDetail">
    <skipped/>
  </testcase> <!-- verifyLoginWithValidDetail -->
  <system-out/>
</testsuite> <!-- com.hostel.qa.testcases.loginTest -->
