<?xml version="1.0" encoding="UTF-8"?>
<!-- Generated by org.testng.reporters.JUnitReportReporter -->
<testsuite hostname="DESKTOP-ES6JCAK" failures="0" tests="6" name="com.hostel.qa.testcases.loginTest" time="37.747" errors="0" timestamp="2021-05-30T10:56:33 IST" skipped="0">
  <testcase classname="com.hostel.qa.testcases.loginTest" name="verifyLoginButton" time="5.826"/>
  <system-out/>
  <testcase classname="com.hostel.qa.testcases.loginTest" name="verifyLogo" time="6.939"/>
  <system-out/>
  <testcase classname="com.hostel.qa.testcases.loginTest" name="verifyLoginWithValidDetail" time="7.762"/>
  <system-out/>
  <testcase classname="com.hostel.qa.testcases.loginTest" name="verfiyinvalidUsernameDetails" time="5.672"/>
  <system-out/>
  <testcase classname="com.hostel.qa.testcases.loginTest" name="verfiyinvalidPasswordDetails" time="5.918"/>
  <system-out/>
  <testcase classname="com.hostel.qa.testcases.loginTest" name="verfiyBlankLoginDetails" time="5.630"/>
  <system-out/>
</testsuite> <!-- com.hostel.qa.testcases.loginTest -->
