<?xml version="1.0" encoding="UTF-8"?>
<!-- Generated by org.testng.reporters.JUnitReportReporter -->
<testsuite hostname="DESKTOP-ES6JCAK" failures="0" tests="7" name="com.hostel.qa.testcases.homePageTest" time="60.525" errors="0" timestamp="2021-05-30T10:56:33 IST" skipped="0">
  <testcase classname="com.hostel.qa.testcases.homePageTest" name="titleTest" time="7.374"/>
  <system-out/>
  <testcase classname="com.hostel.qa.testcases.homePageTest" name="verifyAddStudentButton" time="8.008"/>
  <system-out/>
  <testcase classname="com.hostel.qa.testcases.homePageTest" name="averifyUserName" time="7.384"/>
  <system-out/>
  <testcase classname="com.hostel.qa.testcases.homePageTest" name="verifyHomeLink" time="8.952"/>
  <system-out/>
  <testcase classname="com.hostel.qa.testcases.homePageTest" name="urlTest" time="7.633"/>
  <system-out/>
  <testcase classname="com.hostel.qa.testcases.homePageTest" name="verifyLogOut" time="10.863"/>
  <system-out/>
  <testcase classname="com.hostel.qa.testcases.homePageTest" name="verifyAddStudentLink" time="10.311"/>
  <system-out/>
</testsuite> <!-- com.hostel.qa.testcases.homePageTest -->
