<?xml version="1.0" encoding="UTF-8"?>
<!-- Generated by org.testng.reporters.JUnitReportReporter -->
<testsuite hostname="DESKTOP-ES6JCAK" failures="0" tests="5" name="TestNG_Basics.annotation_sequence" time="0.032" errors="0" timestamp="2021-05-23T09:06:24 IST" skipped="0">
  <testcase classname="TestNG_Basics.annotation_sequence" name="test1" time="0.011"/>
  <system-out/>
  <testcase classname="TestNG_Basics.annotation_sequence" name="test5" time="0.004"/>
  <system-out/>
  <testcase classname="TestNG_Basics.annotation_sequence" name="test2" time="0.006"/>
  <system-out/>
  <testcase classname="TestNG_Basics.annotation_sequence" name="test4" time="0.005"/>
  <system-out/>
  <testcase classname="TestNG_Basics.annotation_sequence" name="test3" time="0.006"/>
  <system-out/>
</testsuite> <!-- TestNG_Basics.annotation_sequence -->
