<?xml version="1.0" encoding="UTF-8"?>
<!-- Generated by org.testng.reporters.JUnitReportReporter -->
<testsuite hostname="DESKTOP-ES6JCAK" failures="0" tests="1" name="com.hostel.qa.testcases.homePageTest" time="0.015" errors="0" timestamp="2021-05-25T08:53:54 IST" skipped="0">
  <testcase classname="com.hostel.qa.testcases.homePageTest" name="ab" time="0.015"/>
  <system-out/>
</testsuite> <!-- com.hostel.qa.testcases.homePageTest -->
